Using pre-set license
Built from '2021.1/staging' branch; Version is '2021.1.18f1 (25bdc3efbc2d) revision 2473411'; Using compiler version '192528614'; Build Type 'Release'
OS: 'Windows 10 Home; OS build 19041.1288; Version 2004; 64bit' Language: 'ko' Physical Memory: 16326 MB
BatchMode: 1, IsHumanControllingUs: 0, StartBugReporterOnCrash: 0, Is64bit: 1, IsPro: 0

COMMAND LINE ARGUMENTS:
D:\uniy\Unity\Editor\2021.1.18f1\Editor\Unity.exe
-adb2
-batchMode
-noUpm
-name
AssetImportWorker0
-projectPath
D:/Unity 수업/VR_Zombie
-logFile
Logs/AssetImportWorker0.log
-srvPort
61843
Successfully changed project path to: D:/Unity 수업/VR_Zombie
D:/Unity 수업/VR_Zombie
Using Asset Import Pipeline V2.
Refreshing native plugins compatible for Editor in 88.52 ms, found 3 plugins.
Preloading 0 native plugins for Editor in 0.00 ms.
Initialize engine version: 2021.1.18f1 (25bdc3efbc2d)
[Subsystems] Discovering subsystems at path D:/uniy/Unity/Editor/2021.1.18f1/Editor/Data/Resources/UnitySubsystems
[Subsystems] Discovering subsystems at path D:/Unity 수업/VR_Zombie/Assets
GfxDevice: creating device client; threaded=0; jobified=0
Direct3D:
    Version:  Direct3D 11.0 [level 11.1]
    Renderer: NVIDIA GeForce RTX 2060 (ID=0x1e89)
    Vendor:   NVIDIA
    VRAM:     5967 MB
    Driver:   30.0.14.9613
Initialize mono
Mono path[0] = 'D:/uniy/Unity/Editor/2021.1.18f1/Editor/Data/Managed'
Mono path[1] = 'D:/uniy/Unity/Editor/2021.1.18f1/Editor/Data/MonoBleedingEdge/lib/mono/unityjit'
Mono config path = 'D:/uniy/Unity/Editor/2021.1.18f1/Editor/Data/MonoBleedingEdge/etc'
Using monoOptions --debugger-agent=transport=dt_socket,embedding=1,server=y,suspend=n,address=127.0.0.1:56744
Begin MonoManager ReloadAssembly
Registering precompiled unity dll's ...
Register platform support module: D:/uniy/Unity/Editor/2021.1.18f1/Editor/Data/PlaybackEngines/WindowsStandaloneSupport/UnityEditor.WindowsStandalone.Extensions.dll
Registered in 0.001075 seconds.
Native extension for WindowsStandalone target not found
Refreshing native plugins compatible for Editor in 91.35 ms, found 3 plugins.
Preloading 0 native plugins for Editor in 0.00 ms.
Mono: successfully reloaded assembly
- Completed reload, in  1.495 seconds
Domain Reload Profiling:
	ReloadAssembly (1495ms)
		BeginReloadAssembly (63ms)
			ExecutionOrderSort (0ms)
			DisableScriptedObjects (0ms)
			BackupInstance (0ms)
			ReleaseScriptingObjects (0ms)
			CreateAndSetChildDomain (1ms)
		EndReloadAssembly (464ms)
			LoadAssemblies (62ms)
			RebuildTransferFunctionScriptingTraits (0ms)
			SetupTypeCache (160ms)
			ReleaseScriptCaches (0ms)
			RebuildScriptCaches (28ms)
			SetupLoadedEditorAssemblies (225ms)
				LogAssemblyErrors (0ms)
				InitializePlatformSupportModulesInManaged (5ms)
				SetLoadedEditorAssemblies (0ms)
				RefreshPlugins (91ms)
				BeforeProcessingInitializeOnLoad (1ms)
				ProcessInitializeOnLoadAttributes (97ms)
				ProcessInitializeOnLoadMethodAttributes (29ms)
				AfterProcessingInitializeOnLoad (0ms)
				EditorAssembliesLoaded (0ms)
			ExecutionOrderSort2 (0ms)
			AwakeInstancesAfterBackupRestoration (0ms)
Platform modules already initialized, skipping
Registering precompiled user dll's ...
Registered in 0.004660 seconds.
Begin MonoManager ReloadAssembly
Symbol file LoadedFromMemory doesn't match image D:\Unity 수업\VR_Zombie\Library\PackageCache\com.unity.visualscripting@1.6.1\Editor\VisualScripting.Core\Dependencies\YamlDotNet\Unity.VisualScripting.YamlDotNet.dll
Symbol file LoadedFromMemory doesn't match image D:\Unity 수업\VR_Zombie\Library\PackageCache\com.unity.visualscripting@1.6.1\Editor\VisualScripting.Core\Dependencies\DotNetZip\Unity.VisualScripting.IonicZip.dll
Native extension for WindowsStandalone target not found
Refreshing native plugins compatible for Editor in 0.59 ms, found 3 plugins.
Preloading 0 native plugins for Editor in 0.00 ms.
Mono: successfully reloaded assembly
- Completed reload, in  1.114 seconds
Domain Reload Profiling:
	ReloadAssembly (1114ms)
		BeginReloadAssembly (153ms)
			ExecutionOrderSort (0ms)
			DisableScriptedObjects (4ms)
			BackupInstance (0ms)
			ReleaseScriptingObjects (0ms)
			CreateAndSetChildDomain (20ms)
		EndReloadAssembly (911ms)
			LoadAssemblies (94ms)
			RebuildTransferFunctionScriptingTraits (0ms)
			SetupTypeCache (332ms)
			ReleaseScriptCaches (1ms)
			RebuildScriptCaches (46ms)
			SetupLoadedEditorAssemblies (362ms)
				LogAssemblyErrors (0ms)
				InitializePlatformSupportModulesInManaged (4ms)
				SetLoadedEditorAssemblies (0ms)
				RefreshPlugins (1ms)
				BeforeProcessingInitializeOnLoad (61ms)
				ProcessInitializeOnLoadAttributes (288ms)
				ProcessInitializeOnLoadMethodAttributes (5ms)
				AfterProcessingInitializeOnLoad (2ms)
				EditorAssembliesLoaded (0ms)
			ExecutionOrderSort2 (0ms)
			AwakeInstancesAfterBackupRestoration (7ms)
Platform modules already initialized, skipping
========================================================================
Worker process is ready to serve import requests
Launched and connected shader compiler UnityShaderCompiler.exe after 0.08 seconds
Refreshing native plugins compatible for Editor in 0.65 ms, found 3 plugins.
Preloading 0 native plugins for Editor in 0.00 ms.
Unloading 2973 Unused Serialized files (Serialized files now loaded: 0)
System memory in use before: 112.9 MB.
System memory in use after: 113.1 MB.

Unloading 22 unused Assets to reduce memory usage. Loaded Objects now: 3420.
Total: 3.318400 ms (FindLiveObjects: 0.229200 ms CreateObjectMapping: 0.151900 ms MarkObjects: 2.855300 ms  DeleteObjects: 0.080600 ms)

AssetImportParameters requested are different than current active one (requested -> active):
  custom:framework-win-MediaFoundation: 216162199b28c13a410421893ffa2e32 -> 
  custom:video-decoder-ogg-theora: a1e56fd34408186e4bbccfd4996cb3dc -> 
  custom:container-muxer-webm: aa71ff27fc2769a1b78a27578f13a17b -> 
  custom:container-demuxer-webm: 4f35f7cbe854078d1ac9338744f61a02 -> 
  custom:container-demuxer-ogg: 62fdf1f143b41e24485cea50d1cbac27 -> 
  custom:video-encoder-webm-vp8: eb34c28f22e8b96e1ab97ce403110664 -> 
  custom:video-decoder-webm-vp8: 9c59270c3fd7afecdb556c50c9e8de78 -> 
  custom:audio-decoder-ogg-vorbis: bf7c407c2cedff20999df2af8eb42d56 -> 
  custom:audio-encoder-webm-vorbis: bf7c407c2cedff20999df2af8eb42d56 -> 
========================================================================
Received Import Request.
  path: Assets/GameM.cs
  artifactKey: Guid(a8c2bb455b0fe3c4e947ce660e9903eb) Importer(815301076,1909f56bfc062723c751e8b465ee728b)
Start importing Assets/GameM.cs using Guid(a8c2bb455b0fe3c4e947ce660e9903eb) Importer(815301076,1909f56bfc062723c751e8b465ee728b)  -> (artifact id: 'eef3d93377573f44298e0777021ff788') in 0.202310 seconds 
========================================================================
Received Import Request.
  Time since last request: 106.435704 seconds.
  path: Assets/ZombieMove.cs
  artifactKey: Guid(64e43fe1e3aba1740b86eeb9effa48a4) Importer(815301076,1909f56bfc062723c751e8b465ee728b)
Start importing Assets/ZombieMove.cs using Guid(64e43fe1e3aba1740b86eeb9effa48a4) Importer(815301076,1909f56bfc062723c751e8b465ee728b)  -> (artifact id: 'fde5a5cd687dab85229e9453c5be4369') in 0.008352 seconds 
========================================================================
Received Import Request.
  Time since last request: 2.036127 seconds.
  path: Assets/playerhp.cs
  artifactKey: Guid(2040fe86a9a033d478a5b2b329522444) Importer(815301076,1909f56bfc062723c751e8b465ee728b)
Start importing Assets/playerhp.cs using Guid(2040fe86a9a033d478a5b2b329522444) Importer(815301076,1909f56bfc062723c751e8b465ee728b)  -> (artifact id: '73bf0b04179ba33b0d5b982e0fba14e8') in 0.006605 seconds 
========================================================================
Received Import Request.
  Time since last request: 0.788934 seconds.
  path: Assets/MainPointer.cs
  artifactKey: Guid(0c716034c9cbc1a458d63e7d1cf1ced1) Importer(815301076,1909f56bfc062723c751e8b465ee728b)
Start importing Assets/MainPointer.cs using Guid(0c716034c9cbc1a458d63e7d1cf1ced1) Importer(815301076,1909f56bfc062723c751e8b465ee728b)  -> (artifact id: '1a23413deec3f7f30ebfddbdbccd1f1a') in 0.009340 seconds 
AssetImportWorkerClient::OnTransportError - code=2 error=End of file
